Num Cards: 52
Deck: K♦ of diamond, A♥ of heart, 6♦ of diamond, 2♥ of heart, 2♦ of diamond, 7♠ of spade, J♦ of diamond, Q♥ of heart, 2♣ of club, J♠ of spade, 3♣ of club, 5♣ of club, 8♦ of diamond, Q♦ of diamond, 9♣ of club, 9♥ of heart, 7♦ of diamond, A♠ of spade, 10♥ of heart, K♥ of heart, 7♥ of heart, 9♦ of diamond, A♣ of club, 7♣ of club, 8♥ of heart, 6♥ of heart, 4♥ of heart, 5♠ of spade, 4♠ of spade, Q♠ of spade, 3♥ of heart, 5♦ of diamond, J♥ of heart, 3♦ of diamond, 10♦ of diamond, Q♣ of club, 6♠ of spade, 10♣ of club, 3♠ of spade, 8♣ of club, 8♠ of spade, 5♥ of heart, 4♦ of diamond, 6♣ of club, 10♠ of spade, K♠ of spade, A♦ of diamond, K♣ of club, 9♠ of spade, J♣ of club, 2♠ of spade, 4♣ of club
Stored Memory
<dqn.Memory.Memory object at 0x000002895F595550>
Stored Memory
<dqn.Memory.Memory object at 0x00000289605D7010>
Stored Memory
<dqn.Memory.Memory object at 0x000002895F52AF10>
Stored Memory
<dqn.Memory.Memory object at 0x000002895F5AB350>
Stored Memory
<dqn.Memory.Memory object at 0x000002895F5AA590>
Stored Memory
<dqn.Memory.Memory object at 0x00000289605FB510>
Stored Memory
<dqn.Memory.Memory object at 0x000002895F35F110>
Stored Memory
<dqn.Memory.Memory object at 0x00000289605BEE90>
Stored Memory
<dqn.Memory.Memory object at 0x00000289605FBC90>
Stored Memory
<dqn.Memory.Memory object at 0x00000289605F8990>
Stored Memory
<dqn.Memory.Memory object at 0x00000289605FB2D0>
Stored Memory
<dqn.Memory.Memory object at 0x000002895F5ABB50>
Stored Memory
<dqn.Memory.Memory object at 0x000002895F4FBD50>
Stored Memory
<dqn.Memory.Memory object at 0x000002895F57EA50>
Stored Memory
<dqn.Memory.Memory object at 0x00000289605FB5D0>
Stored Memory
<dqn.Memory.Memory object at 0x000002895F4FB5D0>
Stored Memory
<dqn.Memory.Memory object at 0x000002895F5A9110>
Stored Memory
<dqn.Memory.Memory object at 0x00000289605FB410>
Stored Memory
<dqn.Memory.Memory object at 0x0000028960611750>
Stored Memory
<dqn.Memory.Memory object at 0x0000028960612D50>
Stored Memory
<dqn.Memory.Memory object at 0x000002895F360C10>
Flop: 
Card being delt: 4♣ of club
	4♣ of club
Card being delt: 2♠ of spade
	2♠ of spade
Card being delt: J♣ of club
	J♣ of club
Dealing Hands: 
Card being delt: 9♠ of spade
Card being delt: K♣ of club
Player :93692708524335114315624829869852017055(9♠ of spade, K♣ of club)
Card being delt: A♦ of diamond
Card being delt: K♠ of spade
Player :272201090219227115307158836218433974342(A♦ of diamond, K♠ of spade)
Card being delt: 10♠ of spade
Card being delt: 6♣ of club
Player :161895337601527022734722782231740148134(10♠ of spade, 6♣ of club)
Num Cards: 43
Deck: K♦ of diamond, A♥ of heart, 6♦ of diamond, 2♥ of heart, 2♦ of diamond, 7♠ of spade, J♦ of diamond, Q♥ of heart, 2♣ of club, J♠ of spade, 3♣ of club, 5♣ of club, 8♦ of diamond, Q♦ of diamond, 9♣ of club, 9♥ of heart, 7♦ of diamond, A♠ of spade, 10♥ of heart, K♥ of heart, 7♥ of heart, 9♦ of diamond, A♣ of club, 7♣ of club, 8♥ of heart, 6♥ of heart, 4♥ of heart, 5♠ of spade, 4♠ of spade, Q♠ of spade, 3♥ of heart, 5♦ of diamond, J♥ of heart, 3♦ of diamond, 10♦ of diamond, Q♣ of club, 6♠ of spade, 10♣ of club, 3♠ of spade, 8♣ of club, 8♠ of spade, 5♥ of heart, 4♦ of diamond
Returning Cards: 
Num Cards: 52
Deck: K♦ of diamond, A♥ of heart, 6♦ of diamond, 2♥ of heart, 2♦ of diamond, 7♠ of spade, J♦ of diamond, Q♥ of heart, 2♣ of club, J♠ of spade, 3♣ of club, 5♣ of club, 8♦ of diamond, Q♦ of diamond, 9♣ of club, 9♥ of heart, 7♦ of diamond, A♠ of spade, 10♥ of heart, K♥ of heart, 7♥ of heart, 9♦ of diamond, A♣ of club, 7♣ of club, 8♥ of heart, 6♥ of heart, 4♥ of heart, 5♠ of spade, 4♠ of spade, Q♠ of spade, 3♥ of heart, 5♦ of diamond, J♥ of heart, 3♦ of diamond, 10♦ of diamond, Q♣ of club, 6♠ of spade, 10♣ of club, 3♠ of spade, 8♣ of club, 8♠ of spade, 5♥ of heart, 4♦ of diamond, 9♠ of spade, K♣ of club, A♦ of diamond, K♠ of spade, 10♠ of spade, 6♣ of club, 4♣ of club, 2♠ of spade, J♣ of club
Stored Memory
<dqn.Memory.Memory object at 0x000002896726B810>
Stored Memory
<dqn.Memory.Memory object at 0x0000028965D58810>
Stored Memory
<dqn.Memory.Memory object at 0x0000028964210150>
Stored Memory
<dqn.Memory.Memory object at 0x0000028966F11310>
Stored Memory
<dqn.Memory.Memory object at 0x0000028967205DD0>
Stored Memory
<dqn.Memory.Memory object at 0x0000028960612650>
Stored Memory
<dqn.Memory.Memory object at 0x0000028968273B90>
Stored Memory
<dqn.Memory.Memory object at 0x0000028961F16A50>
Stored Memory
<dqn.Memory.Memory object at 0x00000289608260D0>
Stored Memory
<dqn.Memory.Memory object at 0x0000028968271E50>
Stored Memory
<dqn.Memory.Memory object at 0x0000028967260090>
Stored Memory
<dqn.Memory.Memory object at 0x0000028964207210>
Stored Memory
<dqn.Memory.Memory object at 0x0000028967290350>
Stored Memory
<dqn.Memory.Memory object at 0x0000028967251990>
Stored Memory
<dqn.Memory.Memory object at 0x000002896832DAD0>
Stored Memory
<dqn.Memory.Memory object at 0x0000028968272E10>
Stored Memory
<dqn.Memory.Memory object at 0x0000028965E45890>
Stored Memory
<dqn.Memory.Memory object at 0x000002896064A890>
Stored Memory
<dqn.Memory.Memory object at 0x00000289671BA4D0>
Stored Memory
<dqn.Memory.Memory object at 0x0000028966F60790>
Stored Memory
<dqn.Memory.Memory object at 0x000002896725A550>
Stored Memory
<dqn.Memory.Memory object at 0x0000028967258650>
Stored Memory
<dqn.Memory.Memory object at 0x00000289682C1850>
Stored Memory
<dqn.Memory.Memory object at 0x000002896447A510>
Stored Memory
<dqn.Memory.Memory object at 0x00000289644FA3D0>
